<?xml version="1.0" encoding="UTF-8"?>
<!-- Generated by org.testng.reporters.JUnitReportReporter -->
<testsuite hostname="DESKTOP-SGPKRE7" failures="0" tests="4" name="TestNGPackage.TestCaseValidation2" time="0.023" errors="0" timestamp="2024-12-15T23:45:24 GMT-08:00" skipped="0">
  <testcase classname="TestNGPackage.TestCaseValidation2" name="film" time="0.003"/>
  <testcase classname="TestNGPackage.TestCaseValidation2" name="action" time="0.014"/>
  <testcase classname="TestNGPackage.TestCaseValidation2" name="star" time="0.003"/>
  <testcase classname="TestNGPackage.TestCaseValidation2" name="display" time="0.003"/>
</testsuite> <!-- TestNGPackage.TestCaseValidation2 -->
