<?xml version="1.0" encoding="UTF-8"?>
<!-- Generated by org.testng.reporters.JUnitReportReporter -->
<testsuite hostname="DESKTOP-SGPKRE7" failures="0" tests="4" name="Package2.TestCasePriority" time="0.023" errors="0" timestamp="2024-12-18T08:04:52 GMT-08:00" skipped="0">
  <testcase classname="Package2.TestCasePriority" name="register" time="0.013"/>
  <testcase classname="Package2.TestCasePriority" name="Login" time="0.003"/>
  <testcase classname="Package2.TestCasePriority" name="home" time="0.003"/>
  <testcase classname="Package2.TestCasePriority" name="Logout" time="0.004"/>
</testsuite> <!-- Package2.TestCasePriority -->
