<?xml version="1.0" encoding="UTF-8"?>
<!-- Generated by org.testng.reporters.JUnitReportReporter -->
<testsuite hostname="DESKTOP-SGPKRE7" failures="0" tests="1" name="Package2.SoftAssertion" time="0.026" errors="0" timestamp="2024-12-16T03:41:20 GMT-08:00" skipped="0">
  <testcase classname="Package2.SoftAssertion" name="SoftAsertion" time="0.026"/>
</testsuite> <!-- Package2.SoftAssertion -->
