<?xml version="1.0" encoding="UTF-8"?>
<!-- Generated by org.testng.reporters.JUnitReportReporter -->
<testsuite hostname="DESKTOP-SGPKRE7" failures="0" tests="1" name="Locators.XpathExamples" time="9.158" errors="0" timestamp="2024-12-26T03:01:29 GMT-08:00" skipped="0">
  <testcase classname="Locators.XpathExamples" name="locate" time="9.158"/>
</testsuite> <!-- Locators.XpathExamples -->
