<?xml version="1.0" encoding="UTF-8"?>
<!-- Generated by org.testng.reporters.JUnitReportReporter -->
<testsuite hostname="DESKTOP-SGPKRE7" failures="0" tests="1" name="Package1.SoftAssertion" time="0.036" errors="0" timestamp="2024-12-18T07:50:03 GMT-08:00" skipped="0">
  <testcase classname="Package1.SoftAssertion" name="SoftAsertion" time="0.036"/>
</testsuite> <!-- Package1.SoftAssertion -->
