<?xml version="1.0" encoding="UTF-8"?>
<!-- Generated by org.testng.reporters.JUnitReportReporter -->
<testsuite hostname="DESKTOP-SGPKRE7" failures="0" tests="4" name="TestNGPackage.TestCaseValidation" time="0.024" errors="0" timestamp="2024-12-14T04:05:56 GMT-08:00" skipped="0">
  <testcase classname="TestNGPackage.TestCaseValidation" name="register" time="0.016"/>
  <testcase classname="TestNGPackage.TestCaseValidation" name="Login" time="0.002"/>
  <testcase classname="TestNGPackage.TestCaseValidation" name="home" time="0.002"/>
  <testcase classname="TestNGPackage.TestCaseValidation" name="Logout" time="0.004"/>
</testsuite> <!-- TestNGPackage.TestCaseValidation -->
