<?xml version="1.0" encoding="UTF-8"?>
<!-- Generated by org.testng.reporters.JUnitReportReporter -->
<testsuite hostname="DESKTOP-SGPKRE7" failures="0" tests="4" name="Package2.TestCaseValidation2" time="0.021" errors="0" timestamp="2024-12-18T08:03:58 GMT-08:00" skipped="0">
  <testcase classname="Package2.TestCaseValidation2" name="film" time="0.004"/>
  <testcase classname="Package2.TestCaseValidation2" name="action" time="0.014"/>
  <testcase classname="Package2.TestCaseValidation2" name="star" time="0.001"/>
  <testcase classname="Package2.TestCaseValidation2" name="display" time="0.002"/>
</testsuite> <!-- Package2.TestCaseValidation2 -->
