<?xml version="1.0" encoding="UTF-8"?>
<!-- Generated by org.testng.reporters.JUnitReportReporter -->
<testsuite hostname="DESKTOP-SGPKRE7" failures="0" tests="2" name="Select_Class.Select_Demo" time="9.135" errors="0" timestamp="2024-12-30T21:19:39 GMT-08:00" skipped="0">
  <testcase classname="Select_Class.Select_Demo" name="values" time="3.841"/>
  <testcase classname="Select_Class.Select_Demo" name="select_Values" time="5.294"/>
</testsuite> <!-- Select_Class.Select_Demo -->
