<?xml version="1.0" encoding="UTF-8"?>
<!-- Generated by org.testng.reporters.JUnitReportReporter -->
<testsuite hostname="DESKTOP-SGPKRE7" failures="0" tests="4" name="Package2.TestCaseValidation" time="0.025" errors="0" timestamp="2024-12-18T08:03:00 GMT-08:00" skipped="0">
  <testcase classname="Package2.TestCaseValidation" name="register" time="0.013"/>
  <testcase classname="Package2.TestCaseValidation" name="Login" time="0.003"/>
  <testcase classname="Package2.TestCaseValidation" name="home" time="0.006"/>
  <testcase classname="Package2.TestCaseValidation" name="Logout" time="0.003"/>
</testsuite> <!-- Package2.TestCaseValidation -->
